<?xml version="1.0" encoding="UTF-8"?>
<testng-results ignored="0" total="1" passed="1" failed="0" skipped="0">
  <reporter-output>
  </reporter-output>
  <suite started-at="2023-12-27T13:30:21Z" name="TestSuite" finished-at="2023-12-27T13:30:59Z" duration-ms="38366">
    <groups>
    </groups>
    <test started-at="2023-12-27T13:30:21Z" name="flight Test" finished-at="2023-12-27T13:30:59Z" duration-ms="38366">
      <class name="test.FlightsTest">
        <test-method is-config="true" signature="openBrowser()[pri:0, instance:test.FlightsTest@776b83cc]" started-at="2023-12-27T13:30:21Z" name="openBrowser" finished-at="2023-12-27T13:30:33Z" duration-ms="12173" status="PASS">
          <reporter-output>
          </reporter-output>
        </test-method> <!-- openBrowser -->
        <test-method signature="ExtractValue()[pri:0, instance:test.FlightsTest@776b83cc]" started-at="2023-12-27T13:30:33Z" name="ExtractValue" finished-at="2023-12-27T13:30:58Z" duration-ms="25710" status="PASS">
          <reporter-output>
          </reporter-output>
        </test-method> <!-- ExtractValue -->
        <test-method is-config="true" signature="closeBrowser()[pri:0, instance:test.FlightsTest@776b83cc]" started-at="2023-12-27T13:30:58Z" name="closeBrowser" finished-at="2023-12-27T13:30:59Z" duration-ms="451" status="PASS">
          <reporter-output>
          </reporter-output>
        </test-method> <!-- closeBrowser -->
      </class> <!-- test.FlightsTest -->
    </test> <!-- flight Test -->
  </suite> <!-- TestSuite -->
</testng-results>
